<?xml version="1.0" encoding="UTF-8"?>
<!-- Generated by org.testng.reporters.JUnitReportReporter -->
<testsuite hostname="welcome-PC" name="facebook_v1.Example" tests="1" failures="0" timestamp="28 Jun 2019 06:49:15 GMT" time="127.129" errors="0">
  <testcase name="setup" time="127.129" classname="facebook_v1.Example"/>
</testsuite> <!-- facebook_v1.Example -->
