<?xml version="1.0" encoding="UTF-8"?>
<!-- Generated by org.testng.reporters.JUnitReportReporter -->
<testsuite hostname="welcome-PC" name="com.facebook.testcases.TC_logintest_001" tests="1" failures="0" timestamp="29 Jun 2019 06:47:24 GMT" time="19.012" errors="0">
  <testcase name="setup1" time="19.012" classname="com.facebook.testcases.TC_logintest_001"/>
</testsuite> <!-- com.facebook.testcases.TC_logintest_001 -->
