<?xml version="1.0" encoding="UTF-8"?>
<!-- Generated by org.testng.reporters.JUnitReportReporter -->
<testsuite skipped="0" hostname="welcome-PC" name="com.facebook.testcases.TC_logintest_001" tests="1" failures="0" timestamp="29 Jun 2019 07:10:48 GMT" time="96.684" errors="0">
  <testcase name="setup1" time="96.684" classname="com.facebook.testcases.TC_logintest_001"/>
</testsuite> <!-- com.facebook.testcases.TC_logintest_001 -->
